{"name": "test_mefunctionality", "status": "failed", "statusDetails": {"message": "AssertionError: assert False", "trace": "self = <test_cases.test_me_functionality.TestMefunction object at 0x00000278DF6022C0>\nsetup = <selenium.webdriver.chrome.webdriver.WebDriver (session=\"dce264453dfd9cfbcf1636d6a2a2fb51\")>\n\n>   ???\nE   assert False\n\nD:\\work_projects\\keka_portal automation\\test_cases\\test_me_functionality.py:34: AssertionError"}, "attachments": [{"name": "stdout", "source": "ab88ab5f-c2bf-4b4e-8a8f-d11dcc04c62c-attachment.txt", "type": "text/plain"}], "start": 1678354362071, "stop": 1678354370169, "uuid": "c34dd8eb-66d4-40b8-b39b-08687091edd2", "historyId": "700c3ae4b1d4f8517bb0b1562573831f", "testCaseId": "d6835193c605dfaf873130ce209dcdc7", "fullName": "test_cases.test_me_functionality#test_mefunctionality", "labels": [{"name": "parentSuite", "value": "test_cases"}, {"name": "suite", "value": "test_me_functionality"}, {"name": "subSuite", "value": "TestMefunction"}, {"name": "host", "value": "BAN-LAP-BAVNAM"}, {"name": "thread", "value": "30760-MainThread"}, {"name": "framework", "value": "pytest"}, {"name": "language", "value": "cpython3"}, {"name": "package", "value": "test_cases.test_me_functionality"}]}