{"name": "test_mefunctionality", "status": "failed", "statusDetails": {"message": "AssertionError: assert False", "trace": "self = <test_cases.test_me_functionality.TestMefunction object at 0x0000020C7D4B7C70>\nsetup = <selenium.webdriver.chrome.webdriver.WebDriver (session=\"c35715278a61d22d6fd4f2d5e2c91527\")>\n\n>   ???\nE   assert False\n\nD:\\work_projects\\keka_portal automation\\test_cases\\test_me_functionality.py:34: AssertionError"}, "attachments": [{"name": "stdout", "source": "c2b4aa0e-1bed-40a6-a2e1-c7ea5d99ccac-attachment.txt", "type": "text/plain"}], "start": 1678341037347, "stop": 1678341044578, "uuid": "47d00317-0f7a-4790-9964-b7d4678dedb3", "historyId": "700c3ae4b1d4f8517bb0b1562573831f", "testCaseId": "d6835193c605dfaf873130ce209dcdc7", "fullName": "test_cases.test_me_functionality#test_mefunctionality", "labels": [{"name": "parentSuite", "value": "test_cases"}, {"name": "suite", "value": "test_me_functionality"}, {"name": "subSuite", "value": "TestMefunction"}, {"name": "host", "value": "BAN-LAP-BAVNAM"}, {"name": "thread", "value": "14764-MainThread"}, {"name": "framework", "value": "pytest"}, {"name": "language", "value": "cpython3"}, {"name": "package", "value": "test_cases.test_me_functionality"}]}