{"name": "test_mefunctionality", "status": "failed", "statusDetails": {"message": "AssertionError: assert False", "trace": "self = <test_cases.test_me_functionality.TestMefunction object at 0x00000230879286D0>\nsetup = <selenium.webdriver.chrome.webdriver.WebDriver (session=\"fc3e277922b48552b44726a3d07db696\")>\n\n    def test_mefunctionality(self, setup):\n        self.driver = setup\n        self.driver.get(self.url)\n        self.logs = Loginpage(self.driver)\n        self.logs.clickonpassword()\n        self.logs.set_username(self.user)\n        self.logs.set_password(self.password)\n        self.logs.clickonlogin()\n        self.target = MeFunctionality(self.driver)\n        self.target.clickonMefunction()\n        self.target.clickonleave()\n        self.target.clickonattendence()\n        self.target.clickonperformance()\n        self.target.clickonexpances()\n        # self.target.clickonapps()\n        actual_title = self.driver.title\n        print(actual_title)\n        if actual_title == \" Me | Expenses |Pending\":\n            self.driver.close()\n            assert True\n        else:\n            self.driver.save_screenshot(\"..\\\\screenshots\\\\\" + \"test_login.png\")\n            self.driver.close()\n>           assert False\nE           assert False\n\ntest_cases\\test_me_functionality.py:34: AssertionError"}, "attachments": [{"name": "stdout", "source": "c716b709-6a42-4b3b-94ec-b387df947bea-attachment.txt", "type": "text/plain"}], "start": 1678193045702, "stop": 1678193054784, "uuid": "9315a088-4d24-432e-bd3f-91975734f205", "historyId": "700c3ae4b1d4f8517bb0b1562573831f", "testCaseId": "d6835193c605dfaf873130ce209dcdc7", "fullName": "test_cases.test_me_functionality#test_mefunctionality", "labels": [{"name": "parentSuite", "value": "test_cases"}, {"name": "suite", "value": "test_me_functionality"}, {"name": "subSuite", "value": "TestMefunction"}, {"name": "host", "value": "BAN-LAP-BAVNAM"}, {"name": "thread", "value": "37520-MainThread"}, {"name": "framework", "value": "pytest"}, {"name": "language", "value": "cpython3"}, {"name": "package", "value": "test_cases.test_me_functionality"}]}